<?xml version="1.0" encoding="UTF-8"?>
<!-- Generated by org.testng.reporters.JUnitReportReporter -->
<testsuite hostname="Praharshanis-MacBook-Air.local" failures="0" tests="1" name="newProject.program1.Myntra" time="31.976" errors="0" timestamp="2023-11-29T20:44:17 CST" skipped="0">
  <testcase classname="newProject.program1.Myntra" name="PrintAllProducts" time="31.976"/>
</testsuite> <!-- newProject.program1.Myntra -->
