<?xml version="1.0" encoding="UTF-8"?>
<!-- Generated by org.testng.reporters.JUnitReportReporter -->
<testsuite hostname="Praharshanis-MacBook-Air.local" failures="0" tests="1" name="newProject.program1.ChangePassword" time="51.856" errors="0" timestamp="2023-11-23T17:18:35 CST" skipped="0">
  <testcase classname="newProject.program1.ChangePassword" name="ChangeAndLogin" time="51.856"/>
</testsuite> <!-- newProject.program1.ChangePassword -->
