<?xml version="1.0" encoding="UTF-8"?>
<!-- Generated by org.testng.reporters.JUnitReportReporter -->
<testsuite hostname="Praharshanis-MacBook-Air.local" failures="0" tests="1" name="newProject.program1.dummpy" time="142.463" errors="0" timestamp="2023-12-05T22:03:29 CST" skipped="0">
  <testcase classname="newProject.program1.dummpy" name="AddToCart" time="142.463"/>
</testsuite> <!-- newProject.program1.dummpy -->
