<?xml version="1.0" encoding="UTF-8"?>
<!-- Generated by org.testng.reporters.JUnitReportReporter -->
<testsuite hostname="Praharshanis-MacBook-Air.local" failures="0" tests="1" name="newProject.program1.FlipkartProductDetails" time="147167.719" errors="0" timestamp="2023-11-29T15:06:41 CST" skipped="0">
  <testcase classname="newProject.program1.FlipkartProductDetails" name="ProductDetails" time="147167.719"/>
</testsuite> <!-- newProject.program1.FlipkartProductDetails -->
