<?xml version="1.0" encoding="UTF-8"?>
<!-- Generated by org.testng.reporters.JUnitReportReporter -->
<testsuite hostname="Praharshanis-MacBook-Air.local" failures="0" tests="1" name="newProject.program1.Screenshot" time="35.688" errors="0" timestamp="2023-12-06T11:07:06 CST" skipped="0">
  <testcase classname="newProject.program1.Screenshot" name="dropBy" time="35.688"/>
</testsuite> <!-- newProject.program1.Screenshot -->
