<?xml version="1.0" encoding="UTF-8"?>
<!-- Generated by org.testng.reporters.JUnitReportReporter -->
<testsuite hostname="Praharshanis-MacBook-Air.local" failures="0" tests="1" name="newProject.program1.Testing" time="123.554" errors="0" timestamp="2023-11-27T22:39:42 CST" skipped="0">
  <testcase classname="newProject.program1.Testing" name="ProductDetails" time="123.554"/>
</testsuite> <!-- newProject.program1.Testing -->
