<?xml version="1.0" encoding="UTF-8"?>
<!-- Generated by org.testng.reporters.JUnitReportReporter -->
<testsuite hostname="Praharshanis-MacBook-Air.local" failures="0" tests="1" name="newProject.program1.Flipkart" time="30.084" errors="0" timestamp="2023-11-29T22:01:37 CST" skipped="0">
  <testcase classname="newProject.program1.Flipkart" name="Flipkartlogin" time="30.084"/>
</testsuite> <!-- newProject.program1.Flipkart -->
