<?xml version="1.0" encoding="UTF-8"?>
<!-- Generated by org.testng.reporters.JUnitReportReporter -->
<testsuite hostname="Praharshanis-MacBook-Air.local" failures="0" tests="1" name="newProject.program1.DragAndDrop" time="20.813" errors="0" timestamp="2023-12-05T17:03:22 CST" skipped="0">
  <testcase classname="newProject.program1.DragAndDrop" name="drop" time="20.813"/>
</testsuite> <!-- newProject.program1.DragAndDrop -->
