<?xml version="1.0" encoding="UTF-8"?>
<!-- Generated by org.testng.reporters.JUnitReportReporter -->
<testsuite hostname="Praharshanis-MacBook-Air.local" failures="0" tests="1" name="newProject.program1.LoginDemo" time="35.782" errors="0" timestamp="2023-12-03T22:29:12 CST" skipped="0">
  <testcase classname="newProject.program1.LoginDemo" name="login" time="35.782"/>
</testsuite> <!-- newProject.program1.LoginDemo -->
