<?xml version="1.0" encoding="UTF-8"?>
<!-- Generated by org.testng.reporters.JUnitReportReporter -->
<testsuite hostname="Praharshanis-MacBook-Air.local" failures="0" tests="1" name="newProject.program1.scrollHandle" time="33.140" errors="0" timestamp="2023-12-05T18:07:08 CST" skipped="0">
  <testcase classname="newProject.program1.scrollHandle" name="dropBy" time="33.140"/>
</testsuite> <!-- newProject.program1.scrollHandle -->
