<?xml version="1.0" encoding="UTF-8"?>
<!-- Generated by org.testng.reporters.JUnitReportReporter -->
<testsuite hostname="Praharshanis-MacBook-Air.local" failures="0" tests="1" name="newProject.program1.dragAndDropBy" time="66.995" errors="0" timestamp="2023-12-05T17:55:32 CST" skipped="0">
  <testcase classname="newProject.program1.dragAndDropBy" name="scroll" time="66.995"/>
</testsuite> <!-- newProject.program1.dragAndDropBy -->
